<?xml version="1.0" encoding="UTF-8"?>
<!-- Generated by org.testng.reporters.JUnitReportReporter -->
<testsuite hostname="DESKTOP-3IU1GUE" failures="0" tests="1" name="com.vtiger.testscripts.CreateNewLeadTest" time="61.819" errors="0" timestamp="2021-06-14T08:53:29 IST" skipped="0">
  <testcase classname="com.vtiger.testscripts.CreateNewLeadTest" name="createNewLead" time="61.819"/>
  <system-out>
Lead created successfully  </system-out>
</testsuite> <!-- com.vtiger.testscripts.CreateNewLeadTest -->
